Vivado Simulator 2020.2
Copyright 1986-1999, 2001-2020 Xilinx, Inc. All Rights Reserved.
<<<<<<< 646da2cf1faef1427dfaedfeca3ef2991c497034
Running: F:/Xilinx/Vivado/2020.2/bin/unwrapped/win64.o/xelab.exe -wto a683cdb9329249aab0cc4c38cd98c736 --incr --debug typical --relax --mt 2 -L xil_defaultlib -L uvm -L unisims_ver -L unimacro_ver -L secureip --snapshot debouncer_tb_behav xil_defaultlib.debouncer_tb xil_defaultlib.glbl -log elaborate.log 
=======
Running: F:/Xilinx/Vivado/2020.2/bin/unwrapped/win64.o/xelab.exe -wto a683cdb9329249aab0cc4c38cd98c736 --incr --debug typical --relax --mt 2 -L xil_defaultlib -L uvm -L unisims_ver -L unimacro_ver -L secureip -L xpm --snapshot oledCtrl_test_tb_behav xil_defaultlib.oledCtrl_test_tb xil_defaultlib.glbl -log elaborate.log 
>>>>>>> OLED ctrl
Using 2 slave threads.
Starting static elaboration
Pass Through NonSizing Optimizer
Completed static elaboration
Starting simulation data flow analysis
Completed simulation data flow analysis
Time Resolution for simulation is 1ps
Compiling module xil_defaultlib.debouncer
<<<<<<< 646da2cf1faef1427dfaedfeca3ef2991c497034
Compiling module xil_defaultlib.debouncer_tb
Compiling module xil_defaultlib.glbl
Built simulation snapshot debouncer_tb_behav
=======
Compiling module xil_defaultlib.SPI_ctrl
Compiling module xil_defaultlib.delay100ms
Compiling module xil_defaultlib.oledCtrl
Compiling module xil_defaultlib.oledCtrl_test
Compiling module xil_defaultlib.oledCtrl_test_tb
Compiling module xil_defaultlib.glbl
Built simulation snapshot oledCtrl_test_tb_behav
>>>>>>> OLED ctrl
